<?xml version="1.0" encoding="UTF-8"?>
<!-- Generated by org.testng.reporters.JUnitReportReporter -->
<testsuite hostname="TYSS-Amaya" failures="0" tests="1" name="Sample.MobileWishList" time="740.387" errors="0" timestamp="2022-07-25T15:52:30 IST" skipped="0">
  <testcase classname="Sample.MobileWishList" name="wishlist" time="740.387"/>
  <system-out/>
</testsuite> <!-- Sample.MobileWishList -->
