<?xml version="1.0" encoding="UTF-8"?>
<!-- Generated by org.testng.reporters.JUnitReportReporter -->
<testsuite hostname="TYSS-Amaya" failures="0" tests="1" name="Sample.CompareOption" time="212.419" errors="0" timestamp="2022-07-27T16:19:26 IST" skipped="0">
  <testcase classname="Sample.CompareOption" name="compare" time="212.419"/>
  <system-out/>
</testsuite> <!-- Sample.CompareOption -->
